<?xml version="1.0" encoding="UTF-8"?>
<!-- Generated by org.testng.reporters.JUnitXMLReporter -->
<testsuite ignored="2" hostname="MKD-CORP-BT074" failures="0" tests="2" name="Default test" time="110.442" errors="0" timestamp="2021-06-09T12:51:27 IST">
  <testcase classname="com.cyient.test.LoginTest" name="validCredantialTest" time="8.053"/>
  <testcase classname="com.cyient.test.LoginTest" name="validCredantialTest" time="4.516"/>
  <testcase classname="com.cyient.test.LoginTest" name="invalidCredantialTest" time="0.0">
    <ignored/>
  </testcase> <!-- invalidCredantialTest -->
  <testcase classname="com.cyient.test.LoginTest" name="validCredentialTest" time="0.0">
    <ignored/>
  </testcase> <!-- validCredentialTest -->
</testsuite> <!-- Default test -->
